[2023-07-27 09:56:56] local.INFO: The current time is 2023-07-27 09:56:56  
[2023-07-27 09:57:56] local.INFO: The current time is 2023-07-27 09:57:56  
[2023-07-27 09:57:59] local.INFO: Broadcasting [Native\Laravel\Events\Windows\WindowFocused] on channels [nativephp] with payload:
{
    "id": "main",
    "socket": null
}  
[2023-07-27 09:58:56] local.INFO: The current time is 2023-07-27 09:58:56  
[2023-07-27 09:59:56] local.INFO: The current time is 2023-07-27 09:59:56  
[2023-07-27 10:00:15] local.ERROR: There are no commands defined in the "websockets" namespace. {"exception":"[object] (Symfony\\Component\\Console\\Exception\\NamespaceNotFoundException(code: 0): There are no commands defined in the \"websockets\" namespace. at /Users/samuelnitsche/Sites/nativephp-sub-minute-scheduling/vendor/symfony/console/Application.php:657)
[stacktrace]
#0 /Users/samuelnitsche/Sites/nativephp-sub-minute-scheduling/vendor/symfony/console/Application.php(708): Symfony\\Component\\Console\\Application->findNamespace('websockets')
#1 /Users/samuelnitsche/Sites/nativephp-sub-minute-scheduling/vendor/symfony/console/Application.php(262): Symfony\\Component\\Console\\Application->find('websockets:serv...')
#2 /Users/samuelnitsche/Sites/nativephp-sub-minute-scheduling/vendor/symfony/console/Application.php(174): Symfony\\Component\\Console\\Application->doRun(Object(Symfony\\Component\\Console\\Input\\ArgvInput), Object(Symfony\\Component\\Console\\Output\\ConsoleOutput))
#3 /Users/samuelnitsche/Sites/nativephp-sub-minute-scheduling/vendor/laravel/framework/src/Illuminate/Foundation/Console/Kernel.php(201): Symfony\\Component\\Console\\Application->run(Object(Symfony\\Component\\Console\\Input\\ArgvInput), Object(Symfony\\Component\\Console\\Output\\ConsoleOutput))
#4 /Users/samuelnitsche/Sites/nativephp-sub-minute-scheduling/artisan(37): Illuminate\\Foundation\\Console\\Kernel->handle(Object(Symfony\\Component\\Console\\Input\\ArgvInput), Object(Symfony\\Component\\Console\\Output\\ConsoleOutput))
#5 {main}
"} 
[2023-07-27 10:00:15] local.INFO: Broadcasting [Native\Laravel\Events\Windows\WindowShown] on channels [nativephp] with payload:
{
    "id": "main",
    "socket": null
}  
[2023-07-27 10:00:15] local.INFO: Broadcasting [Native\Laravel\Events\Windows\WindowFocused] on channels [nativephp] with payload:
{
    "id": "main",
    "socket": null
}  
[2023-07-27 10:01:15] local.INFO: The current time is 2023-07-27 10:01:15  
[2023-07-27 10:01:45] local.INFO: The current time is 2023-07-27 10:01:45  
[2023-07-27 10:02:12] local.ERROR: There are no commands defined in the "websockets" namespace. {"exception":"[object] (Symfony\\Component\\Console\\Exception\\NamespaceNotFoundException(code: 0): There are no commands defined in the \"websockets\" namespace. at /Users/samuelnitsche/Sites/nativephp-sub-minute-scheduling/vendor/symfony/console/Application.php:657)
[stacktrace]
#0 /Users/samuelnitsche/Sites/nativephp-sub-minute-scheduling/vendor/symfony/console/Application.php(708): Symfony\\Component\\Console\\Application->findNamespace('websockets')
#1 /Users/samuelnitsche/Sites/nativephp-sub-minute-scheduling/vendor/symfony/console/Application.php(262): Symfony\\Component\\Console\\Application->find('websockets:serv...')
#2 /Users/samuelnitsche/Sites/nativephp-sub-minute-scheduling/vendor/symfony/console/Application.php(174): Symfony\\Component\\Console\\Application->doRun(Object(Symfony\\Component\\Console\\Input\\ArgvInput), Object(Symfony\\Component\\Console\\Output\\ConsoleOutput))
#3 /Users/samuelnitsche/Sites/nativephp-sub-minute-scheduling/vendor/laravel/framework/src/Illuminate/Foundation/Console/Kernel.php(201): Symfony\\Component\\Console\\Application->run(Object(Symfony\\Component\\Console\\Input\\ArgvInput), Object(Symfony\\Component\\Console\\Output\\ConsoleOutput))
#4 /Users/samuelnitsche/Sites/nativephp-sub-minute-scheduling/artisan(37): Illuminate\\Foundation\\Console\\Kernel->handle(Object(Symfony\\Component\\Console\\Input\\ArgvInput), Object(Symfony\\Component\\Console\\Output\\ConsoleOutput))
#5 {main}
"} 
[2023-07-27 10:02:12] local.INFO: Broadcasting [Native\Laravel\Events\Windows\WindowFocused] on channels [nativephp] with payload:
{
    "id": "main",
    "socket": null
}  
[2023-07-27 10:02:12] local.INFO: Broadcasting [Native\Laravel\Events\Windows\WindowShown] on channels [nativephp] with payload:
{
    "id": "main",
    "socket": null
}  
[2023-07-27 10:02:12] local.INFO: Broadcasting [Native\Laravel\Events\Windows\WindowBlurred] on channels [nativephp] with payload:
{
    "id": "main",
    "socket": null
}  
[2023-07-27 10:03:12] local.INFO: The current time is 2023-07-27 10:03:12  
[2023-07-27 10:03:42] local.INFO: The current time is 2023-07-27 10:03:42  
[2023-07-27 10:03:58] local.ERROR: There are no commands defined in the "websockets" namespace. {"exception":"[object] (Symfony\\Component\\Console\\Exception\\NamespaceNotFoundException(code: 0): There are no commands defined in the \"websockets\" namespace. at /Users/samuelnitsche/Sites/nativephp-sub-minute-scheduling/vendor/symfony/console/Application.php:657)
[stacktrace]
#0 /Users/samuelnitsche/Sites/nativephp-sub-minute-scheduling/vendor/symfony/console/Application.php(708): Symfony\\Component\\Console\\Application->findNamespace('websockets')
#1 /Users/samuelnitsche/Sites/nativephp-sub-minute-scheduling/vendor/symfony/console/Application.php(262): Symfony\\Component\\Console\\Application->find('websockets:serv...')
#2 /Users/samuelnitsche/Sites/nativephp-sub-minute-scheduling/vendor/symfony/console/Application.php(174): Symfony\\Component\\Console\\Application->doRun(Object(Symfony\\Component\\Console\\Input\\ArgvInput), Object(Symfony\\Component\\Console\\Output\\ConsoleOutput))
#3 /Users/samuelnitsche/Sites/nativephp-sub-minute-scheduling/vendor/laravel/framework/src/Illuminate/Foundation/Console/Kernel.php(201): Symfony\\Component\\Console\\Application->run(Object(Symfony\\Component\\Console\\Input\\ArgvInput), Object(Symfony\\Component\\Console\\Output\\ConsoleOutput))
#4 /Users/samuelnitsche/Sites/nativephp-sub-minute-scheduling/artisan(37): Illuminate\\Foundation\\Console\\Kernel->handle(Object(Symfony\\Component\\Console\\Input\\ArgvInput), Object(Symfony\\Component\\Console\\Output\\ConsoleOutput))
#5 {main}
"} 
[2023-07-27 10:03:58] local.INFO: Broadcasting [Native\Laravel\Events\Windows\WindowShown] on channels [nativephp] with payload:
{
    "id": "main",
    "socket": null
}  
[2023-07-27 10:03:58] local.INFO: Broadcasting [Native\Laravel\Events\Windows\WindowFocused] on channels [nativephp] with payload:
{
    "id": "main",
    "socket": null
}  
[2023-07-27 10:03:59] local.INFO: Broadcasting [Native\Laravel\Events\Windows\WindowClosed] on channels [nativephp] with payload:
{
    "id": "main",
    "socket": null
}  
[2023-07-27 10:04:58] local.INFO: The current time is 2023-07-27 10:04:58  
[2023-07-27 10:05:58] local.INFO: The current time is 2023-07-27 10:05:58  
[2023-07-27 10:06:46] local.ERROR: There are no commands defined in the "websockets" namespace. {"exception":"[object] (Symfony\\Component\\Console\\Exception\\NamespaceNotFoundException(code: 0): There are no commands defined in the \"websockets\" namespace. at /Users/samuelnitsche/Sites/nativephp-sub-minute-scheduling/vendor/symfony/console/Application.php:657)
[stacktrace]
#0 /Users/samuelnitsche/Sites/nativephp-sub-minute-scheduling/vendor/symfony/console/Application.php(708): Symfony\\Component\\Console\\Application->findNamespace('websockets')
#1 /Users/samuelnitsche/Sites/nativephp-sub-minute-scheduling/vendor/symfony/console/Application.php(262): Symfony\\Component\\Console\\Application->find('websockets:serv...')
#2 /Users/samuelnitsche/Sites/nativephp-sub-minute-scheduling/vendor/symfony/console/Application.php(174): Symfony\\Component\\Console\\Application->doRun(Object(Symfony\\Component\\Console\\Input\\ArgvInput), Object(Symfony\\Component\\Console\\Output\\ConsoleOutput))
#3 /Users/samuelnitsche/Sites/nativephp-sub-minute-scheduling/vendor/laravel/framework/src/Illuminate/Foundation/Console/Kernel.php(201): Symfony\\Component\\Console\\Application->run(Object(Symfony\\Component\\Console\\Input\\ArgvInput), Object(Symfony\\Component\\Console\\Output\\ConsoleOutput))
#4 /Users/samuelnitsche/Sites/nativephp-sub-minute-scheduling/artisan(37): Illuminate\\Foundation\\Console\\Kernel->handle(Object(Symfony\\Component\\Console\\Input\\ArgvInput), Object(Symfony\\Component\\Console\\Output\\ConsoleOutput))
#5 {main}
"} 
[2023-07-27 10:06:47] local.INFO: Broadcasting [Native\Laravel\Events\Windows\WindowShown] on channels [nativephp] with payload:
{
    "id": "main",
    "socket": null
}  
[2023-07-27 10:06:47] local.INFO: Broadcasting [Native\Laravel\Events\Windows\WindowFocused] on channels [nativephp] with payload:
{
    "id": "main",
    "socket": null
}  
[2023-07-27 10:06:49] local.INFO: Broadcasting [Native\Laravel\Events\Windows\WindowClosed] on channels [nativephp] with payload:
{
    "id": "main",
    "socket": null
}  
[2023-07-27 10:07:47] local.INFO: The current time is 2023-07-27 10:07:47  
[2023-07-27 10:08:47] local.INFO: The current time is 2023-07-27 10:08:47  
[2023-07-27 10:08:58] local.ERROR: There are no commands defined in the "websockets" namespace. {"exception":"[object] (Symfony\\Component\\Console\\Exception\\NamespaceNotFoundException(code: 0): There are no commands defined in the \"websockets\" namespace. at /Users/samuelnitsche/Sites/nativephp-sub-minute-scheduling/vendor/symfony/console/Application.php:657)
[stacktrace]
#0 /Users/samuelnitsche/Sites/nativephp-sub-minute-scheduling/vendor/symfony/console/Application.php(708): Symfony\\Component\\Console\\Application->findNamespace('websockets')
#1 /Users/samuelnitsche/Sites/nativephp-sub-minute-scheduling/vendor/symfony/console/Application.php(262): Symfony\\Component\\Console\\Application->find('websockets:serv...')
#2 /Users/samuelnitsche/Sites/nativephp-sub-minute-scheduling/vendor/symfony/console/Application.php(174): Symfony\\Component\\Console\\Application->doRun(Object(Symfony\\Component\\Console\\Input\\ArgvInput), Object(Symfony\\Component\\Console\\Output\\ConsoleOutput))
#3 /Users/samuelnitsche/Sites/nativephp-sub-minute-scheduling/vendor/laravel/framework/src/Illuminate/Foundation/Console/Kernel.php(201): Symfony\\Component\\Console\\Application->run(Object(Symfony\\Component\\Console\\Input\\ArgvInput), Object(Symfony\\Component\\Console\\Output\\ConsoleOutput))
#4 /Users/samuelnitsche/Sites/nativephp-sub-minute-scheduling/artisan(37): Illuminate\\Foundation\\Console\\Kernel->handle(Object(Symfony\\Component\\Console\\Input\\ArgvInput), Object(Symfony\\Component\\Console\\Output\\ConsoleOutput))
#5 {main}
"} 
[2023-07-27 10:08:58] local.INFO: Broadcasting [Native\Laravel\Events\Windows\WindowShown] on channels [nativephp] with payload:
{
    "id": "main",
    "socket": null
}  
[2023-07-27 10:08:58] local.INFO: Broadcasting [Native\Laravel\Events\Windows\WindowFocused] on channels [nativephp] with payload:
{
    "id": "main",
    "socket": null
}  
[2023-07-27 10:09:03] local.INFO: Broadcasting [Native\Laravel\Events\Windows\WindowBlurred] on channels [nativephp] with payload:
{
    "id": "main",
    "socket": null
}  
[2023-07-27 10:09:58] local.INFO: The current time is 2023-07-27 10:09:58  
[2023-07-27 10:10:58] local.INFO: The current time is 2023-07-27 10:10:58  
[2023-07-27 10:11:03] local.INFO: Broadcasting [Native\Laravel\Events\Windows\WindowFocused] on channels [nativephp] with payload:
{
    "id": "main",
    "socket": null
}  
[2023-07-27 10:11:13] local.INFO: Broadcasting [Native\Laravel\Events\Windows\WindowBlurred] on channels [nativephp] with payload:
{
    "id": "main",
    "socket": null
}  
[2023-07-27 10:11:20] local.ERROR: There are no commands defined in the "websockets" namespace. {"exception":"[object] (Symfony\\Component\\Console\\Exception\\NamespaceNotFoundException(code: 0): There are no commands defined in the \"websockets\" namespace. at /Users/samuelnitsche/Sites/nativephp-sub-minute-scheduling/vendor/symfony/console/Application.php:657)
[stacktrace]
#0 /Users/samuelnitsche/Sites/nativephp-sub-minute-scheduling/vendor/symfony/console/Application.php(708): Symfony\\Component\\Console\\Application->findNamespace('websockets')
#1 /Users/samuelnitsche/Sites/nativephp-sub-minute-scheduling/vendor/symfony/console/Application.php(262): Symfony\\Component\\Console\\Application->find('websockets:serv...')
#2 /Users/samuelnitsche/Sites/nativephp-sub-minute-scheduling/vendor/symfony/console/Application.php(174): Symfony\\Component\\Console\\Application->doRun(Object(Symfony\\Component\\Console\\Input\\ArgvInput), Object(Symfony\\Component\\Console\\Output\\ConsoleOutput))
#3 /Users/samuelnitsche/Sites/nativephp-sub-minute-scheduling/vendor/laravel/framework/src/Illuminate/Foundation/Console/Kernel.php(201): Symfony\\Component\\Console\\Application->run(Object(Symfony\\Component\\Console\\Input\\ArgvInput), Object(Symfony\\Component\\Console\\Output\\ConsoleOutput))
#4 /Users/samuelnitsche/Sites/nativephp-sub-minute-scheduling/artisan(37): Illuminate\\Foundation\\Console\\Kernel->handle(Object(Symfony\\Component\\Console\\Input\\ArgvInput), Object(Symfony\\Component\\Console\\Output\\ConsoleOutput))
#5 {main}
"} 
[2023-07-27 10:11:20] local.INFO: Broadcasting [Native\Laravel\Events\Windows\WindowShown] on channels [nativephp] with payload:
{
    "id": "main",
    "socket": null
}  
[2023-07-27 10:11:20] local.INFO: Broadcasting [Native\Laravel\Events\Windows\WindowFocused] on channels [nativephp] with payload:
{
    "id": "main",
    "socket": null
}  
[2023-07-27 10:12:20] local.INFO: The current time is 2023-07-27 10:12:20  
[2023-07-27 10:12:50] local.INFO: The current time is 2023-07-27 10:12:50  
[2023-07-27 10:13:06] local.INFO: Broadcasting [Native\Laravel\Events\Windows\WindowBlurred] on channels [nativephp] with payload:
{
    "id": "main",
    "socket": null
}  
[2023-07-27 10:13:20] local.INFO: The current time is 2023-07-27 10:13:20  
[2023-07-27 10:13:50] local.INFO: The current time is 2023-07-27 10:13:50  
